<?xml version="1.0" encoding="UTF-8"?>
<testsuite xmlns:xsi="http://www.w3.org/2001/XMLSchema-instance" xsi:noNamespaceSchemaLocation="https://maven.apache.org/surefire/maven-surefire-plugin/xsd/surefire-test-report-3.0.xsd" version="3.0" name="org.acme.MyCustomTaskShowFullNameWorkItemHandlerTest" time="0.315" tests="1" errors="0" skipped="0" failures="0">
  <properties>
    <property name="sun.desktop" value="windows"/>
    <property name="awt.toolkit" value="sun.awt.windows.WToolkit"/>
    <property name="java.specification.version" value="11"/>
    <property name="sun.cpu.isalist" value="amd64"/>
    <property name="sun.jnu.encoding" value="Cp1252"/>
    <property name="java.class.path" value="C:/java/apache-maven-3.9.8/boot/plexus-classworlds-2.8.0.jar"/>
    <property name="forkCount" value="0"/>
    <property name="java.vm.vendor" value="Oracle Corporation"/>
    <property name="org.uberfire.nio.git.daemon.enabled" value="false"/>
    <property name="sun.arch.data.model" value="64"/>
    <property name="user.variant" value=""/>
    <property name="java.vendor.url" value="https://openjdk.java.net/"/>
    <property name="user.timezone" value="Asia/Istanbul"/>
    <property name="maven.conf" value="C:/java/apache-maven-3.9.8/conf"/>
    <property name="os.name" value="Windows 10"/>
    <property name="java.vm.specification.version" value="11"/>
    <property name="sun.java.launcher" value="SUN_STANDARD"/>
    <property name="user.country" value="US"/>
    <property name="sun.boot.library.path" value="C:\java\jdk-11.0.17\bin"/>
    <property name="sun.java.command" value="org.codehaus.plexus.classworlds.launcher.Launcher clean package test -DforkCount=0"/>
    <property name="jdk.debug" value="release"/>
    <property name="maven.home" value="C:\java\apache-maven-3.9.8"/>
    <property name="surefire.test.class.path" value="D:\workspace\TIM\arge\jbpm-workitem\my-costum-task-work-show-full-name\mycustomtaskshowfullname\target\test-classes;D:\workspace\TIM\arge\jbpm-workitem\my-costum-task-work-show-full-name\mycustomtaskshowfullname\target\classes;C:\Users\RemziŞahbaz\.m2\repository\org\kie\kie-api\7.61.0.Final\kie-api-7.61.0.Final.jar;C:\Users\RemziŞahbaz\.m2\repository\org\kie\soup\kie-soup-maven-support\7.61.0.Final\kie-soup-maven-support-7.61.0.Final.jar;C:\Users\RemziŞahbaz\.m2\repository\org\jbpm\jbpm-workitems-core\7.61.0.Final\jbpm-workitems-core-7.61.0.Final.jar;C:\Users\RemziŞahbaz\.m2\repository\org\drools\drools-core\7.61.0.Final\drools-core-7.61.0.Final.jar;C:\Users\RemziŞahbaz\.m2\repository\org\kie\soup\kie-soup-xstream\7.61.0.Final\kie-soup-xstream-7.61.0.Final.jar;C:\Users\RemziŞahbaz\.m2\repository\org\drools\drools-core-reflective\7.61.0.Final\drools-core-reflective-7.61.0.Final.jar;C:\Users\RemziŞahbaz\.m2\repository\org\drools\drools-core-dynamic\7.61.0.Final\drools-core-dynamic-7.61.0.Final.jar;C:\Users\RemziŞahbaz\.m2\repository\org\jbpm\jbpm-flow\7.61.0.Final\jbpm-flow-7.61.0.Final.jar;C:\Users\RemziŞahbaz\.m2\repository\org\drools\drools-mvel\7.61.0.Final\drools-mvel-7.61.0.Final.jar;C:\Users\RemziŞahbaz\.m2\repository\org\drools\drools-serialization-protobuf\7.61.0.Final\drools-serialization-protobuf-7.61.0.Final.jar;C:\Users\RemziŞahbaz\.m2\repository\org\kie\soup\kie-soup-commons\7.61.0.Final\kie-soup-commons-7.61.0.Final.jar;C:\Users\RemziŞahbaz\.m2\repository\org\kie\soup\kie-soup-project-datamodel-commons\7.61.0.Final\kie-soup-project-datamodel-commons-7.61.0.Final.jar;C:\Users\RemziŞahbaz\.m2\repository\org\kie\soup\kie-soup-project-datamodel-api\7.61.0.Final\kie-soup-project-datamodel-api-7.61.0.Final.jar;C:\Users\RemziŞahbaz\.m2\repository\org\kie\kie-dmn-feel\7.61.0.Final\kie-dmn-feel-7.61.0.Final.jar;C:\Users\RemziŞahbaz\.m2\repository\org\antlr\antlr4-runtime\4.8\antlr4-runtime-4.8.jar;C:\Users\RemziŞahbaz\.m2\repository\com\github\javaparser\javaparser-core\3.13.10\javaparser-core-3.13.10.jar;C:\Users\RemziŞahbaz\.m2\repository\org\drools\drools-mvel-parser\7.61.0.Final\drools-mvel-parser-7.61.0.Final.jar;C:\Users\RemziŞahbaz\.m2\repository\ch\obermuhlner\big-math\2.0.1\big-math-2.0.1.jar;C:\Users\RemziŞahbaz\.m2\repository\org\kie\kie-dmn-core\7.61.0.Final\kie-dmn-core-7.61.0.Final.jar;C:\Users\RemziŞahbaz\.m2\repository\org\kie\kie-dmn-backend\7.61.0.Final\kie-dmn-backend-7.61.0.Final.jar;C:\Users\RemziŞahbaz\.m2\repository\org\drools\drools-ruleunit\7.61.0.Final\drools-ruleunit-7.61.0.Final.jar;C:\Users\RemziŞahbaz\.m2\repository\org\drools\drools-canonical-model\7.61.0.Final\drools-canonical-model-7.61.0.Final.jar;C:\Users\RemziŞahbaz\.m2\repository\org\drools\drools-model-compiler\7.61.0.Final\drools-model-compiler-7.61.0.Final.jar;C:\Users\RemziŞahbaz\.m2\repository\org\drools\drools-mvel-compiler\7.61.0.Final\drools-mvel-compiler-7.61.0.Final.jar;C:\Users\RemziŞahbaz\.m2\repository\org\drools\drools-alphanetwork-compiler\7.61.0.Final\drools-alphanetwork-compiler-7.61.0.Final.jar;C:\Users\RemziŞahbaz\.m2\repository\org\jpmml\pmml-model\1.5.1\pmml-model-1.5.1.jar;C:\Users\RemziŞahbaz\.m2\repository\org\jpmml\pmml-agent\1.5.1\pmml-agent-1.5.1.jar;C:\Users\RemziŞahbaz\.m2\repository\com\google\protobuf\protobuf-java\3.6.1\protobuf-java-3.6.1.jar;C:\Users\RemziŞahbaz\.m2\repository\org\mvel\mvel2\2.4.13.Final\mvel2-2.4.13.Final.jar;C:\Users\RemziŞahbaz\.m2\repository\com\fasterxml\jackson\core\jackson-databind\2.12.1\jackson-databind-2.12.1.jar;C:\Users\RemziŞahbaz\.m2\repository\com\fasterxml\jackson\datatype\jackson-datatype-jsr310\2.12.1\jackson-datatype-jsr310-2.12.1.jar;C:\Users\RemziŞahbaz\.m2\repository\org\jbpm\jbpm-bpmn2\7.61.0.Final\jbpm-bpmn2-7.61.0.Final.jar;C:\Users\RemziŞahbaz\.m2\repository\org\jbpm\jbpm-flow-builder\7.61.0.Final\jbpm-flow-builder-7.61.0.Final.jar;C:\Users\RemziŞahbaz\.m2\repository\org\kie\kie-internal\7.61.0.Final\kie-internal-7.61.0.Final.jar;C:\Users\RemziŞahbaz\.m2\repository\org\kie\kie-dmn-api\7.61.0.Final\kie-dmn-api-7.61.0.Final.jar;C:\Users\RemziŞahbaz\.m2\repository\org\kie\kie-dmn-model\7.61.0.Final\kie-dmn-model-7.61.0.Final.jar;C:\Users\RemziŞahbaz\.m2\repository\commons-io\commons-io\2.7\commons-io-2.7.jar;C:\Users\RemziŞahbaz\.m2\repository\org\apache\commons\commons-exec\1.3\commons-exec-1.3.jar;C:\Users\RemziŞahbaz\.m2\repository\org\antlr\ST4\4.0.7\ST4-4.0.7.jar;C:\Users\RemziŞahbaz\.m2\repository\org\antlr\antlr-runtime\3.5\antlr-runtime-3.5.jar;C:\Users\RemziŞahbaz\.m2\repository\org\antlr\stringtemplate\3.2.1\stringtemplate-3.2.1.jar;C:\Users\RemziŞahbaz\.m2\repository\org\jbpm\jbpm-document\7.61.0.Final\jbpm-document-7.61.0.Final.jar;C:\Users\RemziŞahbaz\.m2\repository\org\apache\commons\commons-lang3\3.11\commons-lang3-3.11.jar;C:\Users\RemziŞahbaz\.m2\repository\commons-codec\commons-codec\1.15\commons-codec-1.15.jar;C:\Users\RemziŞahbaz\.m2\repository\org\jbpm\jbpm-audit\7.61.0.Final\jbpm-audit-7.61.0.Final.jar;C:\Users\RemziŞahbaz\.m2\repository\org\drools\drools-persistence-jpa\7.61.0.Final\drools-persistence-jpa-7.61.0.Final.jar;C:\Users\RemziŞahbaz\.m2\repository\jakarta\xml\bind\jakarta.xml.bind-api\2.3.3\jakarta.xml.bind-api-2.3.3.jar;C:\Users\RemziŞahbaz\.m2\repository\org\jbpm\jbpm-query-jpa\7.61.0.Final\jbpm-query-jpa-7.61.0.Final.jar;C:\Users\RemziŞahbaz\.m2\repository\com\thoughtworks\xstream\xstream\1.4.18\xstream-1.4.18.jar;C:\Users\RemziŞahbaz\.m2\repository\io\github\x-stream\mxparser\1.2.2\mxparser-1.2.2.jar;C:\Users\RemziŞahbaz\.m2\repository\xmlpull\xmlpull\1.1.3.1\xmlpull-1.1.3.1.jar;C:\Users\RemziŞahbaz\.m2\repository\org\jbpm\jbpm-workitems-core\7.61.0.Final\jbpm-workitems-core-7.61.0.Final-tests.jar;C:\Users\RemziŞahbaz\.m2\repository\junit\junit\4.12\junit-4.12.jar;C:\Users\RemziŞahbaz\.m2\repository\org\hamcrest\hamcrest-core\1.3\hamcrest-core-1.3.jar;C:\Users\RemziŞahbaz\.m2\repository\org\powermock\powermock-api-mockito2\1.7.4\powermock-api-mockito2-1.7.4.jar;C:\Users\RemziŞahbaz\.m2\repository\org\powermock\powermock-api-mockito-common\1.7.4\powermock-api-mockito-common-1.7.4.jar;C:\Users\RemziŞahbaz\.m2\repository\org\powermock\powermock-api-support\1.7.4\powermock-api-support-1.7.4.jar;C:\Users\RemziŞahbaz\.m2\repository\org\mockito\mockito-core\2.8.9\mockito-core-2.8.9.jar;C:\Users\RemziŞahbaz\.m2\repository\net\bytebuddy\byte-buddy\1.6.14\byte-buddy-1.6.14.jar;C:\Users\RemziŞahbaz\.m2\repository\net\bytebuddy\byte-buddy-agent\1.6.14\byte-buddy-agent-1.6.14.jar;C:\Users\RemziŞahbaz\.m2\repository\org\objenesis\objenesis\2.5\objenesis-2.5.jar;C:\Users\RemziŞahbaz\.m2\repository\org\powermock\powermock-module-junit4\1.7.4\powermock-module-junit4-1.7.4.jar;C:\Users\RemziŞahbaz\.m2\repository\org\powermock\powermock-module-junit4-common\1.7.4\powermock-module-junit4-common-1.7.4.jar;C:\Users\RemziŞahbaz\.m2\repository\org\powermock\powermock-reflect\1.7.4\powermock-reflect-1.7.4.jar;C:\Users\RemziŞahbaz\.m2\repository\org\powermock\powermock-core\1.7.4\powermock-core-1.7.4.jar;C:\Users\RemziŞahbaz\.m2\repository\org\jbpm\jbpm-test\7.61.0.Final\jbpm-test-7.61.0.Final.jar;C:\Users\RemziŞahbaz\.m2\repository\org\jbpm\jbpm-persistence-jpa\7.61.0.Final\jbpm-persistence-jpa-7.61.0.Final.jar;C:\Users\RemziŞahbaz\.m2\repository\org\jbpm\jbpm-human-task-core\7.61.0.Final\jbpm-human-task-core-7.61.0.Final.jar;C:\Users\RemziŞahbaz\.m2\repository\jakarta\annotation\jakarta.annotation-api\1.3.5\jakarta.annotation-api-1.3.5.jar;C:\Users\RemziŞahbaz\.m2\repository\com\sun\mail\jakarta.mail\1.6.5\jakarta.mail-1.6.5.jar;C:\Users\RemziŞahbaz\.m2\repository\com\sun\activation\jakarta.activation\1.2.1\jakarta.activation-1.2.1.jar;C:\Users\RemziŞahbaz\.m2\repository\com\fasterxml\jackson\core\jackson-annotations\2.12.1\jackson-annotations-2.12.1.jar;C:\Users\RemziŞahbaz\.m2\repository\com\fasterxml\jackson\core\jackson-core\2.12.1\jackson-core-2.12.1.jar;C:\Users\RemziŞahbaz\.m2\repository\org\slf4j\jcl-over-slf4j\1.7.30\jcl-over-slf4j-1.7.30.jar;C:\Users\RemziŞahbaz\.m2\repository\com\google\guava\guava\30.1-jre\guava-30.1-jre.jar;C:\Users\RemziŞahbaz\.m2\repository\com\google\guava\failureaccess\1.0.1\failureaccess-1.0.1.jar;C:\Users\RemziŞahbaz\.m2\repository\com\google\guava\listenablefuture\9999.0-empty-to-avoid-conflict-with-guava\listenablefuture-9999.0-empty-to-avoid-conflict-with-guava.jar;C:\Users\RemziŞahbaz\.m2\repository\com\google\code\findbugs\jsr305\3.0.2\jsr305-3.0.2.jar;C:\Users\RemziŞahbaz\.m2\repository\org\checkerframework\checker-qual\3.5.0\checker-qual-3.5.0.jar;C:\Users\RemziŞahbaz\.m2\repository\com\google\errorprone\error_prone_annotations\2.3.4\error_prone_annotations-2.3.4.jar;C:\Users\RemziŞahbaz\.m2\repository\com\google\j2objc\j2objc-annotations\1.3\j2objc-annotations-1.3.jar;C:\Users\RemziŞahbaz\.m2\repository\jakarta\activation\jakarta.activation-api\1.2.2\jakarta.activation-api-1.2.2.jar;C:\Users\RemziŞahbaz\.m2\repository\org\jbpm\jbpm-human-task-workitems\7.61.0.Final\jbpm-human-task-workitems-7.61.0.Final.jar;C:\Users\RemziŞahbaz\.m2\repository\org\jbpm\jbpm-shared-services\7.61.0.Final\jbpm-shared-services-7.61.0.Final.jar;C:\Users\RemziŞahbaz\.m2\repository\org\jbpm\jbpm-services-api\7.61.0.Final\jbpm-services-api-7.61.0.Final.jar;C:\Users\RemziŞahbaz\.m2\repository\org\jbpm\jbpm-case-mgmt-api\7.61.0.Final\jbpm-case-mgmt-api-7.61.0.Final.jar;C:\Users\RemziŞahbaz\.m2\repository\org\jbpm\jbpm-runtime-manager\7.61.0.Final\jbpm-runtime-manager-7.61.0.Final.jar;C:\Users\RemziŞahbaz\.m2\repository\org\eclipse\aether\aether-api\1.1.0\aether-api-1.1.0.jar;C:\Users\RemziŞahbaz\.m2\repository\org\jbpm\jbpm-human-task-audit\7.61.0.Final\jbpm-human-task-audit-7.61.0.Final.jar;C:\Users\RemziŞahbaz\.m2\repository\jakarta\inject\jakarta.inject-api\1.0.3\jakarta.inject-api-1.0.3.jar;C:\Users\RemziŞahbaz\.m2\repository\org\jbpm\jbpm-human-task-jpa\7.61.0.Final\jbpm-human-task-jpa-7.61.0.Final.jar;C:\Users\RemziŞahbaz\.m2\repository\com\h2database\h2\1.4.197\h2-1.4.197.jar;C:\Users\RemziŞahbaz\.m2\repository\org\hibernate\hibernate-entitymanager\5.3.20.Final\hibernate-entitymanager-5.3.20.Final.jar;C:\Users\RemziŞahbaz\.m2\repository\org\jboss\logging\jboss-logging\3.3.2.Final\jboss-logging-3.3.2.Final.jar;C:\Users\RemziŞahbaz\.m2\repository\org\dom4j\dom4j\2.1.3\dom4j-2.1.3.jar;C:\Users\RemziŞahbaz\.m2\repository\org\hibernate\common\hibernate-commons-annotations\5.0.4.Final\hibernate-commons-annotations-5.0.4.Final.jar;C:\Users\RemziŞahbaz\.m2\repository\javax\persistence\javax.persistence-api\2.2\javax.persistence-api-2.2.jar;C:\Users\RemziŞahbaz\.m2\repository\org\jboss\spec\javax\transaction\jboss-transaction-api_1.2_spec\1.1.1.Final\jboss-transaction-api_1.2_spec-1.1.1.Final.jar;C:\Users\RemziŞahbaz\.m2\repository\org\hibernate\hibernate-core\5.3.20.Final\hibernate-core-5.3.20.Final.jar;C:\Users\RemziŞahbaz\.m2\repository\antlr\antlr\2.7.7\antlr-2.7.7.jar;C:\Users\RemziŞahbaz\.m2\repository\org\jboss\jandex\2.0.5.Final\jandex-2.0.5.Final.jar;C:\Users\RemziŞahbaz\.m2\repository\com\fasterxml\classmate\1.3.4\classmate-1.3.4.jar;C:\Users\RemziŞahbaz\.m2\repository\org\glassfish\jaxb\jaxb-runtime\2.3.1\jaxb-runtime-2.3.1.jar;C:\Users\RemziŞahbaz\.m2\repository\org\glassfish\jaxb\txw2\2.3.1\txw2-2.3.1.jar;C:\Users\RemziŞahbaz\.m2\repository\com\sun\istack\istack-commons-runtime\3.0.7\istack-commons-runtime-3.0.7.jar;C:\Users\RemziŞahbaz\.m2\repository\org\jvnet\staxex\stax-ex\1.8\stax-ex-1.8.jar;C:\Users\RemziŞahbaz\.m2\repository\com\sun\xml\fastinfoset\FastInfoset\1.2.15\FastInfoset-1.2.15.jar;C:\Users\RemziŞahbaz\.m2\repository\jakarta\persistence\jakarta.persistence-api\2.2.3\jakarta.persistence-api-2.2.3.jar;C:\Users\RemziŞahbaz\.m2\repository\org\jboss\narayana\jta\narayana-jta\5.9.0.Final\narayana-jta-5.9.0.Final.jar;C:\Users\RemziŞahbaz\.m2\repository\org\jboss\jboss-transaction-spi-jakarta\7.6.1.Final\jboss-transaction-spi-jakarta-7.6.1.Final.jar;C:\Users\RemziŞahbaz\.m2\repository\org\javassist\javassist\3.26.0-GA\javassist-3.26.0-GA.jar;C:\Users\RemziŞahbaz\.m2\repository\jakarta\transaction\jakarta.transaction-api\1.3.3\jakarta.transaction-api-1.3.3.jar;C:\Users\RemziŞahbaz\.m2\repository\org\kie\kie-test-util\7.61.0.Final\kie-test-util-7.61.0.Final.jar;C:\Users\RemziŞahbaz\.m2\repository\commons-collections\commons-collections\3.2.2\commons-collections-3.2.2.jar;C:\Users\RemziŞahbaz\.m2\repository\ch\qos\logback\logback-classic\1.2.3\logback-classic-1.2.3.jar;C:\Users\RemziŞahbaz\.m2\repository\ch\qos\logback\logback-core\1.2.3\logback-core-1.2.3.jar;C:\Users\RemziŞahbaz\.m2\repository\org\apache\maven\maven-model\3.3.9\maven-model-3.3.9.jar;C:\Users\RemziŞahbaz\.m2\repository\org\codehaus\plexus\plexus-utils\3.0.22\plexus-utils-3.0.22.jar;C:\Users\RemziŞahbaz\.m2\repository\org\kie\kie-ci\7.61.0.Final\kie-ci-7.61.0.Final.jar;C:\Users\RemziŞahbaz\.m2\repository\org\kie\soup\kie-soup-maven-integration\7.61.0.Final\kie-soup-maven-integration-7.61.0.Final.jar;C:\Users\RemziŞahbaz\.m2\repository\org\apache\maven\maven-artifact\3.3.9\maven-artifact-3.3.9.jar;C:\Users\RemziŞahbaz\.m2\repository\org\apache\maven\maven-plugin-api\3.3.9\maven-plugin-api-3.3.9.jar;C:\Users\RemziŞahbaz\.m2\repository\org\eclipse\aether\aether-util\1.1.0\aether-util-1.1.0.jar;C:\Users\RemziŞahbaz\.m2\repository\org\eclipse\aether\aether-spi\1.1.0\aether-spi-1.1.0.jar;C:\Users\RemziŞahbaz\.m2\repository\org\eclipse\aether\aether-transport-file\1.1.0\aether-transport-file-1.1.0.jar;C:\Users\RemziŞahbaz\.m2\repository\org\eclipse\aether\aether-transport-http\1.1.0\aether-transport-http-1.1.0.jar;C:\Users\RemziŞahbaz\.m2\repository\jakarta\enterprise\jakarta.enterprise.cdi-api\2.0.2\jakarta.enterprise.cdi-api-2.0.2.jar;C:\Users\RemziŞahbaz\.m2\repository\jakarta\el\jakarta.el-api\3.0.3\jakarta.el-api-3.0.3.jar;C:\Users\RemziŞahbaz\.m2\repository\jakarta\interceptor\jakarta.interceptor-api\1.2.5\jakarta.interceptor-api-1.2.5.jar;C:\Users\RemziŞahbaz\.m2\repository\jakarta\ejb\jakarta.ejb-api\3.2.6\jakarta.ejb-api-3.2.6.jar;C:\Users\RemziŞahbaz\.m2\repository\org\apache\ant\ant\1.10.11\ant-1.10.11.jar;C:\Users\RemziŞahbaz\.m2\repository\org\apache\ant\ant-launcher\1.10.11\ant-launcher-1.10.11.jar;C:\Users\RemziŞahbaz\.m2\repository\org\apache\httpcomponents\httpcore\4.4.14\httpcore-4.4.14.jar;C:\Users\RemziŞahbaz\.m2\repository\com\google\inject\guice\4.0\guice-4.0-no_aop.jar;C:\Users\RemziŞahbaz\.m2\repository\aopalliance\aopalliance\1.0\aopalliance-1.0.jar;C:\Users\RemziŞahbaz\.m2\repository\org\apache\maven\maven-core\3.3.9\maven-core-3.3.9.jar;C:\Users\RemziŞahbaz\.m2\repository\org\apache\maven\maven-repository-metadata\3.3.9\maven-repository-metadata-3.3.9.jar;C:\Users\RemziŞahbaz\.m2\repository\org\codehaus\plexus\plexus-interpolation\1.21\plexus-interpolation-1.21.jar;C:\Users\RemziŞahbaz\.m2\repository\org\codehaus\plexus\plexus-component-annotations\1.6\plexus-component-annotations-1.6.jar;C:\Users\RemziŞahbaz\.m2\repository\org\apache\maven\maven-model-builder\3.3.9\maven-model-builder-3.3.9.jar;C:\Users\RemziŞahbaz\.m2\repository\org\apache\maven\maven-builder-support\3.3.9\maven-builder-support-3.3.9.jar;C:\Users\RemziŞahbaz\.m2\repository\org\apache\maven\maven-settings\3.3.9\maven-settings-3.3.9.jar;C:\Users\RemziŞahbaz\.m2\repository\org\apache\maven\maven-settings-builder\3.3.9\maven-settings-builder-3.3.9.jar;C:\Users\RemziŞahbaz\.m2\repository\org\apache\maven\maven-compat\3.3.9\maven-compat-3.3.9.jar;C:\Users\RemziŞahbaz\.m2\repository\org\apache\maven\maven-aether-provider\3.3.9\maven-aether-provider-3.3.9.jar;C:\Users\RemziŞahbaz\.m2\repository\org\apache\maven\wagon\wagon-provider-api\3.0.0\wagon-provider-api-3.0.0.jar;C:\Users\RemziŞahbaz\.m2\repository\org\sonatype\plexus\plexus-sec-dispatcher\1.3\plexus-sec-dispatcher-1.3.jar;C:\Users\RemziŞahbaz\.m2\repository\org\codehaus\plexus\plexus-classworlds\2.5.2\plexus-classworlds-2.5.2.jar;C:\Users\RemziŞahbaz\.m2\repository\org\eclipse\aether\aether-impl\1.1.0\aether-impl-1.1.0.jar;C:\Users\RemziŞahbaz\.m2\repository\org\eclipse\aether\aether-connector-basic\1.1.0\aether-connector-basic-1.1.0.jar;C:\Users\RemziŞahbaz\.m2\repository\org\eclipse\aether\aether-transport-wagon\1.1.0\aether-transport-wagon-1.1.0.jar;C:\Users\RemziŞahbaz\.m2\repository\org\eclipse\sisu\org.eclipse.sisu.plexus\0.3.2\org.eclipse.sisu.plexus-0.3.2.jar;C:\Users\RemziŞahbaz\.m2\repository\javax\enterprise\cdi-api\1.0\cdi-api-1.0.jar;C:\Users\RemziŞahbaz\.m2\repository\javax\annotation\jsr250-api\1.0\jsr250-api-1.0.jar;C:\Users\RemziŞahbaz\.m2\repository\javax\inject\javax.inject\1\javax.inject-1.jar;C:\Users\RemziŞahbaz\.m2\repository\org\eclipse\sisu\org.eclipse.sisu.inject\0.3.2\org.eclipse.sisu.inject-0.3.2.jar;C:\Users\RemziŞahbaz\.m2\repository\org\apache\maven\wagon\wagon-http\3.0.0\wagon-http-3.0.0.jar;C:\Users\RemziŞahbaz\.m2\repository\org\apache\maven\wagon\wagon-http-shared\3.0.0\wagon-http-shared-3.0.0.jar;C:\Users\RemziŞahbaz\.m2\repository\org\jsoup\jsoup\1.7.2\jsoup-1.7.2.jar;C:\Users\RemziŞahbaz\.m2\repository\org\apache\httpcomponents\httpclient\4.5.3\httpclient-4.5.3.jar;C:\Users\RemziŞahbaz\.m2\repository\org\sonatype\plexus\plexus-cipher\1.7\plexus-cipher-1.7.jar;C:\Users\RemziŞahbaz\.m2\repository\org\drools\drools-compiler\7.61.0.Final\drools-compiler-7.61.0.Final.jar;C:\Users\RemziŞahbaz\.m2\repository\org\kie\kie-memory-compiler\7.61.0.Final\kie-memory-compiler-7.61.0.Final.jar;C:\Users\RemziŞahbaz\.m2\repository\org\drools\drools-ecj\7.61.0.Final\drools-ecj-7.61.0.Final.jar;C:\Users\RemziŞahbaz\.m2\repository\org\jbpm\jbpm-test-util\7.61.0.Final\jbpm-test-util-7.61.0.Final.jar;C:\Users\RemziŞahbaz\.m2\repository\org\drools\drools-persistence-api\7.61.0.Final\drools-persistence-api-7.61.0.Final.jar;C:\Users\RemziŞahbaz\.m2\repository\simple-jndi\simple-jndi\0.11.4.1\simple-jndi-0.11.4.1.jar;C:\Users\RemziŞahbaz\.m2\repository\org\apache\tomcat\tomcat-dbcp\9.0.21\tomcat-dbcp-9.0.21.jar;C:\Users\RemziŞahbaz\.m2\repository\org\apache\tomcat\tomcat-juli\9.0.21\tomcat-juli-9.0.21.jar;C:\Users\RemziŞahbaz\.m2\repository\org\jbpm\jbpm-persistence-api\7.61.0.Final\jbpm-persistence-api-7.61.0.Final.jar;C:\Users\RemziŞahbaz\.m2\repository\org\slf4j\slf4j-api\1.7.26\slf4j-api-1.7.26.jar;C:\Users\RemziŞahbaz\.m2\repository\org\jbpm\contrib\template-resources\7.61.0.Final\template-resources-7.61.0.Final.jar;"/>
    <property name="sun.cpu.endian" value="little"/>
    <property name="user.home" value="C:\Users\RemziŞahbaz"/>
    <property name="user.language" value="en"/>
    <property name="java.specification.vendor" value="Oracle Corporation"/>
    <property name="java.version.date" value="2022-10-18"/>
    <property name="java.home" value="C:\java\jdk-11.0.17"/>
    <property name="file.separator" value="\"/>
    <property name="basedir" value="D:\workspace\TIM\arge\jbpm-workitem\my-costum-task-work-show-full-name\mycustomtaskshowfullname"/>
    <property name="java.vm.compressedOopsMode" value="Zero based"/>
    <property name="line.separator" value="&#10;"/>
    <property name="java.specification.name" value="Java Platform API Specification"/>
    <property name="java.vm.specification.vendor" value="Oracle Corporation"/>
    <property name="java.awt.graphicsenv" value="sun.awt.Win32GraphicsEnvironment"/>
    <property name="org.uberfire.sys.repo.monitor.disabled" value="true"/>
    <property name="user.script" value=""/>
    <property name="sun.management.compiler" value="HotSpot 64-Bit Tiered Compilers"/>
    <property name="java.runtime.version" value="11.0.17+10-LTS-269"/>
    <property name="user.name" value="RemziŞahbaz"/>
    <property name="path.separator" value=";"/>
    <property name="os.version" value="10.0"/>
    <property name="java.runtime.name" value="Java(TM) SE Runtime Environment"/>
    <property name="file.encoding" value="Cp1252"/>
    <property name="guice.disable.misplaced.annotation.check" value="true"/>
    <property name="java.vm.name" value="Java HotSpot(TM) 64-Bit Server VM"/>
    <property name="java.vendor.version" value="18.9"/>
    <property name="org.uberfire.nio.git.ssh.enabled" value="false"/>
    <property name="localRepository" value="C:\Users\RemziŞahbaz\.m2\repository"/>
    <property name="java.vendor.url.bug" value="https://bugreport.java.com/bugreport/"/>
    <property name="java.io.tmpdir" value="C:\Users\REMZIA~1\AppData\Local\Temp\"/>
    <property name="java.version" value="11.0.17"/>
    <property name="user.dir" value="D:\workspace\TIM\arge\jbpm-workitem\my-costum-task-work-show-full-name\mycustomtaskshowfullname"/>
    <property name="os.arch" value="amd64"/>
    <property name="maven.multiModuleProjectDirectory" value="D:/workspace/TIM/arge/jbpm-workitem/my-costum-task-work-show-full-name/mycustomtaskshowfullname"/>
    <property name="java.vm.specification.name" value="Java Virtual Machine Specification"/>
    <property name="java.awt.printerjob" value="sun.awt.windows.WPrinterJob"/>
    <property name="sun.os.patch.level" value=""/>
    <property name="java.library.path" value="C:\java\jdk-11.0.17\bin;C:\Windows\Sun\Java\bin;C:\Windows\system32;C:\Windows;C:\Users\RemziÅžahbaz\bin;C:\Program Files\Git\mingw64\bin;C:\Program Files\Git\usr\local\bin;C:\Program Files\Git\usr\bin;C:\Program Files\Git\usr\bin;C:\Program Files\Git\mingw64\bin;C:\Program Files\Git\usr\bin;C:\Users\RemziÅžahbaz\bin;C:\Windows\system32;C:\Windows;C:\Windows\System32\Wbem;C:\Windows\System32\WindowsPowerShell\v1.0;C:\Windows\System32\OpenSSH;C:\Program Files\Git\cmd;C:\Program Files\nodejs;C:\Program Files\PuTTY;C:\Program Files (x86)\Pulse Secure\VC142.CRT\X64;C:\Program Files (x86)\Pulse Secure\VC142.CRT\X86;C:\Program Files (x86)\Common Files\Pulse Secure\TNC Client Plugin;C:\ProgramData\chocolatey\bin;C:\Program Files\Docker\Docker\resources\bin;C:\Users\RemziÅžahbaz\AppData\Local\Microsoft\WindowsApps;C:\java\jdk-11.0.17\bin;C:\java\jdk-11.0.17\bin;C:\java\apache-maven-3.9.8\bin;C:\Users\RemziÅžahbaz\AppData\Roaming\npm;C:\Program Files\Docker\Docker\resources\bin;C:\Program Files\JetBrains\IntelliJ IDEA 2023.3.3\bin;C:\Users\RemziÅžahbaz\AppData\Local\Programs\Microsoft VS Code\bin;C:\Program Files\JetBrains\IntelliJ IDEA 2023.3.3\bin;C:\Program Files\Git\usr\bin\vendor_perl;C:\Program Files\Git\usr\bin\core_perl;."/>
    <property name="java.vendor" value="Oracle Corporation"/>
    <property name="java.vm.info" value="mixed mode"/>
    <property name="java.vm.version" value="11.0.17+10-LTS-269"/>
    <property name="classworlds.conf" value="C:/java/apache-maven-3.9.8/bin/m2.conf"/>
    <property name="sun.io.unicode.encoding" value="UnicodeLittle"/>
    <property name="library.jansi.path" value="C:/java/apache-maven-3.9.8/lib/jansi-native"/>
    <property name="apple.awt.UIElement" value="true"/>
    <property name="java.class.version" value="55.0"/>
  </properties>
  <testcase name="testHandler" classname="org.acme.MyCustomTaskShowFullNameWorkItemHandlerTest" time="0.018"/>
</testsuite>